d:\vshome\cracking_c++\11_multipleinheritance\debug\vc142.pdb
d:\vshome\cracking_c++\11_multipleinheritance\debug\vc142.idb
d:\vshome\cracking_c++\11_multipleinheritance\debug\test.obj
d:\vshome\cracking_c++\11_multipleinheritance\debug\sofebed.obj
d:\cracking_c++\11_multipleinheritance\debug\vc142.pdb
d:\cracking_c++\11_multipleinheritance\debug\vc142.idb
d:\cracking_c++\11_multipleinheritance\debug\test.obj
d:\cracking_c++\11_multipleinheritance\debug\sofebed.obj
d:\vshome\cracking_c++\11_multipleinheritance\debug\11_multipleinheritance.ilk
d:\vshome\cracking_c++\debug\11_multipleinheritance.exe
d:\vshome\cracking_c++\debug\11_multipleinheritance.pdb
d:\cracking_c++\debug\11_multipleinheritance.exe
d:\cracking_c++\11_multipleinheritance\debug\11_multipleinheritance.ilk
d:\cracking_c++\debug\11_multipleinheritance.pdb
d:\cracking_c++\11_multipleinheritance\debug\11_multi.78163897.tlog\cl.command.1.tlog
d:\cracking_c++\11_multipleinheritance\debug\11_multi.78163897.tlog\cl.read.1.tlog
d:\cracking_c++\11_multipleinheritance\debug\11_multi.78163897.tlog\cl.write.1.tlog
d:\cracking_c++\11_multipleinheritance\debug\11_multi.78163897.tlog\link.command.1.tlog
d:\cracking_c++\11_multipleinheritance\debug\11_multi.78163897.tlog\link.read.1.tlog
d:\cracking_c++\11_multipleinheritance\debug\11_multi.78163897.tlog\link.write.1.tlog
