d:\vshome\cracking_c++\13_virtualfunction\debug\vc142.pdb
d:\vshome\cracking_c++\13_virtualfunction\debug\vc142.idb
d:\vshome\cracking_c++\13_virtualfunction\debug\functest.obj
d:\vshome\cracking_c++\13_virtualfunction\debug\animal.obj
d:\cracking_c++\13_virtualfunction\debug\vc142.pdb
d:\cracking_c++\13_virtualfunction\debug\vc142.idb
d:\cracking_c++\13_virtualfunction\debug\functest.obj
d:\cracking_c++\13_virtualfunction\debug\animal.obj
d:\vshome\cracking_c++\13_virtualfunction\debug\13_virtualfunction.ilk
d:\vshome\cracking_c++\debug\13_virtualfunction.exe
d:\vshome\cracking_c++\debug\13_virtualfunction.pdb
d:\cracking_c++\debug\13_virtualfunction.exe
d:\cracking_c++\13_virtualfunction\debug\13_virtualfunction.ilk
d:\cracking_c++\debug\13_virtualfunction.pdb
d:\cracking_c++\13_virtualfunction\debug\13_virtu.9b28bb95.tlog\cl.command.1.tlog
d:\cracking_c++\13_virtualfunction\debug\13_virtu.9b28bb95.tlog\cl.read.1.tlog
d:\cracking_c++\13_virtualfunction\debug\13_virtu.9b28bb95.tlog\cl.write.1.tlog
d:\cracking_c++\13_virtualfunction\debug\13_virtu.9b28bb95.tlog\link.command.1.tlog
d:\cracking_c++\13_virtualfunction\debug\13_virtu.9b28bb95.tlog\link.read.1.tlog
d:\cracking_c++\13_virtualfunction\debug\13_virtu.9b28bb95.tlog\link.write.1.tlog
