d:\vshome\cracking_c++\02_const\debug\vc142.pdb
d:\vshome\cracking_c++\02_const\debug\vc142.idb
d:\vshome\cracking_c++\02_const\debug\conststring.obj
d:\vshome\cracking_c++\02_const\debug\const.obj
d:\cracking_c++\02_const\debug\vc142.pdb
d:\cracking_c++\02_const\debug\vc142.idb
d:\cracking_c++\02_const\debug\conststring.obj
d:\cracking_c++\02_const\debug\const.obj
d:\vshome\cracking_c++\02_const\debug\02_const.ilk
d:\vshome\cracking_c++\debug\02_const.exe
d:\vshome\cracking_c++\debug\02_const.pdb
d:\cracking_c++\debug\02_const.exe
d:\cracking_c++\02_const\debug\02_const.ilk
d:\cracking_c++\debug\02_const.pdb
d:\cracking_c++\02_const\debug\02_const.tlog\cl.command.1.tlog
d:\cracking_c++\02_const\debug\02_const.tlog\cl.read.1.tlog
d:\cracking_c++\02_const\debug\02_const.tlog\cl.write.1.tlog
d:\cracking_c++\02_const\debug\02_const.tlog\link.command.1.tlog
d:\cracking_c++\02_const\debug\02_const.tlog\link.read.1.tlog
d:\cracking_c++\02_const\debug\02_const.tlog\link.write.1.tlog
