d:\vshome\cracking_c++\04_functionoverload\debug\vc142.pdb
d:\vshome\cracking_c++\04_functionoverload\debug\vc142.idb
d:\vshome\cracking_c++\04_functionoverload\debug\functiontest.obj
d:\vshome\cracking_c++\04_functionoverload\debug\functionoverload.obj
d:\cracking_c++\04_functionoverload\debug\vc142.pdb
d:\cracking_c++\04_functionoverload\debug\vc142.idb
d:\cracking_c++\04_functionoverload\debug\functiontest.obj
d:\cracking_c++\04_functionoverload\debug\functionoverload.obj
d:\vshome\cracking_c++\04_functionoverload\debug\04_functionoverload.ilk
d:\vshome\cracking_c++\debug\04_functionoverload.exe
d:\vshome\cracking_c++\debug\04_functionoverload.pdb
d:\cracking_c++\debug\04_functionoverload.exe
d:\cracking_c++\04_functionoverload\debug\04_functionoverload.ilk
d:\cracking_c++\debug\04_functionoverload.pdb
d:\cracking_c++\04_functionoverload\debug\04_funct.11df3de3.tlog\cl.command.1.tlog
d:\cracking_c++\04_functionoverload\debug\04_funct.11df3de3.tlog\cl.read.1.tlog
d:\cracking_c++\04_functionoverload\debug\04_funct.11df3de3.tlog\cl.write.1.tlog
d:\cracking_c++\04_functionoverload\debug\04_funct.11df3de3.tlog\link.command.1.tlog
d:\cracking_c++\04_functionoverload\debug\04_funct.11df3de3.tlog\link.read.1.tlog
d:\cracking_c++\04_functionoverload\debug\04_funct.11df3de3.tlog\link.write.1.tlog
