d:\vshome\cracking_c++\14_diamondextend\debug\vc142.pdb
d:\vshome\cracking_c++\14_diamondextend\debug\vc142.idb
d:\vshome\cracking_c++\14_diamondextend\debug\vehicle.obj
d:\vshome\cracking_c++\14_diamondextend\debug\test.obj
d:\cracking_c++\14_diamondextend\debug\vc142.pdb
d:\cracking_c++\14_diamondextend\debug\vc142.idb
d:\cracking_c++\14_diamondextend\debug\vehicle.obj
d:\cracking_c++\14_diamondextend\debug\test.obj
d:\vshome\cracking_c++\14_diamondextend\debug\14_diamondextend.ilk
d:\vshome\cracking_c++\debug\14_diamondextend.exe
d:\vshome\cracking_c++\debug\14_diamondextend.pdb
d:\cracking_c++\debug\14_diamondextend.exe
d:\cracking_c++\14_diamondextend\debug\14_diamondextend.ilk
d:\cracking_c++\debug\14_diamondextend.pdb
d:\cracking_c++\14_diamondextend\debug\14_diamondextend.tlog\cl.command.1.tlog
d:\cracking_c++\14_diamondextend\debug\14_diamondextend.tlog\cl.read.1.tlog
d:\cracking_c++\14_diamondextend\debug\14_diamondextend.tlog\cl.write.1.tlog
d:\cracking_c++\14_diamondextend\debug\14_diamondextend.tlog\link.command.1.tlog
d:\cracking_c++\14_diamondextend\debug\14_diamondextend.tlog\link.read.1.tlog
d:\cracking_c++\14_diamondextend\debug\14_diamondextend.tlog\link.write.1.tlog
