d:\vshome\cracking_c++\15_abstractclass\debug\vc142.pdb
d:\vshome\cracking_c++\15_abstractclass\debug\vc142.idb
d:\vshome\cracking_c++\15_abstractclass\debug\aircraft.obj
d:\vshome\cracking_c++\15_abstractclass\debug\15_abstractclass.obj
d:\cracking_c++\15_abstractclass\debug\vc142.pdb
d:\cracking_c++\15_abstractclass\debug\vc142.idb
d:\cracking_c++\15_abstractclass\debug\aircraft.obj
d:\cracking_c++\15_abstractclass\debug\15_abstractclass.obj
d:\vshome\cracking_c++\15_abstractclass\debug\15_abstractclass.ilk
d:\vshome\cracking_c++\debug\15_abstractclass.exe
d:\vshome\cracking_c++\debug\15_abstractclass.pdb
d:\cracking_c++\debug\15_abstractclass.exe
d:\cracking_c++\15_abstractclass\debug\15_abstractclass.ilk
d:\cracking_c++\debug\15_abstractclass.pdb
d:\cracking_c++\15_abstractclass\debug\15_abstractclass.tlog\cl.command.1.tlog
d:\cracking_c++\15_abstractclass\debug\15_abstractclass.tlog\cl.read.1.tlog
d:\cracking_c++\15_abstractclass\debug\15_abstractclass.tlog\cl.write.1.tlog
d:\cracking_c++\15_abstractclass\debug\15_abstractclass.tlog\link.command.1.tlog
d:\cracking_c++\15_abstractclass\debug\15_abstractclass.tlog\link.read.1.tlog
d:\cracking_c++\15_abstractclass\debug\15_abstractclass.tlog\link.write.1.tlog
