d:\vshome\cracking_c++\11_extends\debug\vc142.pdb
d:\vshome\cracking_c++\11_extends\debug\vc142.idb
d:\vshome\cracking_c++\11_extends\debug\shape.obj
d:\vshome\cracking_c++\11_extends\debug\extendstest.obj
d:\vshome\cracking_c++\11_extends\debug\animal.obj
d:\cracking_c++\11_extends\debug\vc142.pdb
d:\cracking_c++\11_extends\debug\vc142.idb
d:\cracking_c++\11_extends\debug\shape.obj
d:\cracking_c++\11_extends\debug\extendstest.obj
d:\cracking_c++\11_extends\debug\animal.obj
d:\vshome\cracking_c++\11_extends\debug\11_extends.ilk
d:\vshome\cracking_c++\debug\11_extends.exe
d:\vshome\cracking_c++\debug\11_extends.pdb
d:\cracking_c++\debug\11_extends.exe
d:\cracking_c++\11_extends\debug\11_extends.ilk
d:\cracking_c++\debug\11_extends.pdb
d:\cracking_c++\11_extends\debug\11_extends.tlog\cl.command.1.tlog
d:\cracking_c++\11_extends\debug\11_extends.tlog\cl.read.1.tlog
d:\cracking_c++\11_extends\debug\11_extends.tlog\cl.write.1.tlog
d:\cracking_c++\11_extends\debug\11_extends.tlog\link.command.1.tlog
d:\cracking_c++\11_extends\debug\11_extends.tlog\link.read.1.tlog
d:\cracking_c++\11_extends\debug\11_extends.tlog\link.write.1.tlog
