d:\vshome\cracking_c++\07_class\debug\vc142.pdb
d:\vshome\cracking_c++\07_class\debug\vc142.idb
d:\vshome\cracking_c++\07_class\debug\classtest.obj
d:\vshome\cracking_c++\07_class\debug\class.obj
d:\cracking_c++\07_class\debug\vc142.pdb
d:\cracking_c++\07_class\debug\vc142.idb
d:\cracking_c++\07_class\debug\classtest.obj
d:\cracking_c++\07_class\debug\class.obj
d:\vshome\cracking_c++\07_class\debug\07_class.ilk
d:\vshome\cracking_c++\debug\07_class.exe
d:\vshome\cracking_c++\debug\07_class.pdb
d:\cracking_c++\debug\07_class.exe
d:\cracking_c++\07_class\debug\07_class.ilk
d:\cracking_c++\debug\07_class.pdb
d:\cracking_c++\07_class\debug\07_class.tlog\cl.command.1.tlog
d:\cracking_c++\07_class\debug\07_class.tlog\cl.read.1.tlog
d:\cracking_c++\07_class\debug\07_class.tlog\cl.write.1.tlog
d:\cracking_c++\07_class\debug\07_class.tlog\link.command.1.tlog
d:\cracking_c++\07_class\debug\07_class.tlog\link.read.1.tlog
d:\cracking_c++\07_class\debug\07_class.tlog\link.write.1.tlog
